<?xml version="1.0" encoding="UTF-8"?>
<!-- Generated by org.testng.reporters.JUnitReportReporter -->
<testsuite hostname="luigi-laptop" name="org.talamona.mockup.tipicalCases.classStatic.ClassWithStaticMemberTest" tests="1" failures="0" timestamp="3 Aug 2013 13:01:50 GMT" time="0.626" errors="0">
  <testcase name="testSampleMethod" time="0.626" classname="org.talamona.mockup.tipicalCases.classStatic.ClassWithStaticMemberTest"/>
</testsuite> <!-- org.talamona.mockup.tipicalCases.classStatic.ClassWithStaticMemberTest -->
