<?xml version="1.0" encoding="UTF-8"?>
<!-- Generated by org.testng.reporters.JUnitReportReporter -->
<testsuite hostname="luigi-laptop" name="org.talamona.mockup.tipicalCases.classStatic.StaticClassTest" tests="1" failures="0" timestamp="3 Aug 2013 10:50:01 GMT" time="0.529" errors="0">
  <testcase name="testStaticCalculateName" time="0.529" classname="org.talamona.mockup.tipicalCases.classStatic.StaticClassTest"/>
</testsuite> <!-- org.talamona.mockup.tipicalCases.classStatic.StaticClassTest -->
