<?xml version="1.0" encoding="UTF-8"?>
<!-- Generated by org.testng.reporters.JUnitReportReporter -->
<testsuite hostname="luigi-laptop" name="org.talamona.mockup.tipicalCases.privateMethod.ClassWithPrivateMethodTest" tests="3" failures="0" timestamp="3 Aug 2013 13:04:36 GMT" time="0.611" errors="0">
  <testcase name="testSampleMethod" time="0.007" classname="org.talamona.mockup.tipicalCases.privateMethod.ClassWithPrivateMethodTest"/>
  <testcase name="secondSampleMethodTestNG" time="0.597" classname="org.talamona.mockup.tipicalCases.privateMethod.ClassWithPrivateMethodTest"/>
  <testcase name="testPrivateMethod" time="0.007" classname="org.talamona.mockup.tipicalCases.privateMethod.ClassWithPrivateMethodTest"/>
</testsuite> <!-- org.talamona.mockup.tipicalCases.privateMethod.ClassWithPrivateMethodTest -->
